#
# There is insufficient memory for the Java Runtime Environment to continue.
# Native memory allocation (malloc) failed to allocate 1048576 bytes for AllocateHeap
# Possible reasons:
#   The system is out of physical RAM or swap space
#   In 32 bit mode, the process size limit was hit
# Possible solutions:
#   Reduce memory load on the system
#   Increase physical memory or swap space
#   Check if swap backing store is full
#   Use 64 bit Java on a 64 bit OS
#   Decrease Java heap size (-Xmx/-Xms)
#   Decrease number of Java threads
#   Decrease Java thread stack sizes (-Xss)
#   Set larger code cache with -XX:ReservedCodeCacheSize=
# This output file may be truncated or incomplete.
#
#  Out of Memory Error (memory/allocation.inline.hpp:61), pid=4700, tid=7048
#
# JRE version:  (7.0_79-b15) (build )
# Java VM: Java HotSpot(TM) 64-Bit Server VM (24.79-b02 mixed mode windows-amd64 compressed oops)
# Failed to write core dump. Minidumps are not enabled by default on client versions of Windows
#

---------------  T H R E A D  ---------------

Current thread (0x00000000029e0800):  JavaThread "Unknown thread" [_thread_in_vm, id=7048, stack(0x00000000028e0000,0x00000000029e0000)]

Stack: [0x00000000028e0000,0x00000000029e0000]

---------------  P R O C E S S  ---------------

Java Threads: ( => current thread )

Other Threads:

=>0x00000000029e0800 (exited) JavaThread "Unknown thread" [_thread_in_vm, id=7048, stack(0x00000000028e0000,0x00000000029e0000)]

VM state:not at safepoint (normal execution)

VM Mutex/Monitor currently owned by a thread: None

Heap
 PSYoungGen      total 37888K, used 655K [0x00000000eaa80000, 0x00000000ed480000, 0x0000000100000000)
  eden space 32768K, 2% used [0x00000000eaa80000,0x00000000eab23dc8,0x00000000eca80000)
  from space 5120K, 0% used [0x00000000ecf80000,0x00000000ecf80000,0x00000000ed480000)
  to   space 5120K, 0% used [0x00000000eca80000,0x00000000eca80000,0x00000000ecf80000)
 ParOldGen       total 85504K, used 0K [0x00000000c0000000, 0x00000000c5380000, 0x00000000eaa80000)
  object space 85504K, 0% used [0x00000000c0000000,0x00000000c0000000,0x00000000c5380000)
 PSPermGen       total 21504K, used 697K [0x00000000bae00000, 0x00000000bc300000, 0x00000000c0000000)
  object space 21504K, 3% used [0x00000000bae00000,0x00000000baeae588,0x00000000bc300000)

Card table byte_map: [0x0000000005ba0000,0x0000000005dd0000] byte_map_base: 0x00000000055c9000

Polling page: 0x0000000000fc0000

Code Cache  [0x0000000002ae0000, 0x0000000002d50000, 0x0000000005ae0000)
 total_blobs=38 nmethods=0 adapters=20 free_code_cache=48889Kb largest_free_block=50062528

Compilation events (0 events):
No events

GC Heap History (0 events):
No events

Deoptimization events (0 events):
No events

Internal exceptions (0 events):
No events

Events (10 events):
Event: 0.013 loading class 0x0000000002a26430
Event: 0.013 loading class 0x0000000002a26430 done
Event: 0.013 loading class 0x0000000002a26480
Event: 0.013 loading class 0x0000000002a26480 done
Event: 0.013 loading class 0x0000000002a264d0
Event: 0.014 loading class 0x0000000002a264d0 done
Event: 0.014 loading class 0x0000000002a27250
Event: 0.014 loading class 0x0000000002a27250 done
Event: 0.014 loading class 0x0000000002a26e70
Event: 0.014 loading class 0x0000000002a26e70 done


Dynamic libraries:
0x00007ff72dd10000 - 0x00007ff72dd43000 	C:\Program Files\Java\jdk1.7.0_79\bin\java.exe
0x00007ffd19350000 - 0x00007ffd19511000 	C:\WINDOWS\SYSTEM32\ntdll.dll
0x00007ffd17100000 - 0x00007ffd171ad000 	C:\WINDOWS\system32\KERNEL32.DLL
0x00007ffd16360000 - 0x00007ffd16548000 	C:\WINDOWS\system32\KERNELBASE.dll
0x00007ffd18d20000 - 0x00007ffd18dc7000 	C:\WINDOWS\system32\ADVAPI32.dll
0x00007ffd191e0000 - 0x00007ffd1927d000 	C:\WINDOWS\system32\msvcrt.dll
0x00007ffd16870000 - 0x00007ffd168cb000 	C:\WINDOWS\system32\sechost.dll
0x00007ffd168d0000 - 0x00007ffd169ec000 	C:\WINDOWS\system32\RPCRT4.dll
0x00007ffd18720000 - 0x00007ffd18876000 	C:\WINDOWS\system32\USER32.dll
0x00007ffd18e20000 - 0x00007ffd18fa6000 	C:\WINDOWS\system32\GDI32.dll
0x00007ffd071b0000 - 0x00007ffd07424000 	C:\WINDOWS\WinSxS\amd64_microsoft.windows.common-controls_6595b64144ccf1df_6.0.10586.589_none_a2ddb3caa539acce\COMCTL32.dll
0x00007ffd16e20000 - 0x00007ffd1709d000 	C:\WINDOWS\system32\combase.dll
0x00007ffd15a50000 - 0x00007ffd15aba000 	C:\WINDOWS\system32\bcryptPrimitives.dll
0x00007ffd18dd0000 - 0x00007ffd18e0b000 	C:\WINDOWS\system32\IMM32.DLL
0x00000000681a0000 - 0x0000000068272000 	C:\Program Files\Java\jdk1.7.0_79\jre\bin\msvcr100.dll
0x0000000068280000 - 0x0000000068a55000 	C:\Program Files\Java\jdk1.7.0_79\jre\bin\server\jvm.dll
0x00007ffd18e10000 - 0x00007ffd18e18000 	C:\WINDOWS\system32\PSAPI.DLL
0x00007ffd09760000 - 0x00007ffd09769000 	C:\WINDOWS\SYSTEM32\WSOCK32.dll
0x00007ffd18cb0000 - 0x00007ffd18d1b000 	C:\WINDOWS\system32\WS2_32.dll
0x00007ffd13bf0000 - 0x00007ffd13c13000 	C:\WINDOWS\SYSTEM32\WINMM.dll
0x00007ffd13b90000 - 0x00007ffd13bbc000 	C:\WINDOWS\SYSTEM32\WINMMBASE.dll
0x00007ffd15a00000 - 0x00007ffd15a43000 	C:\WINDOWS\system32\cfgmgr32.dll
0x0000000068190000 - 0x000000006819f000 	C:\Program Files\Java\jdk1.7.0_79\jre\bin\verify.dll
0x0000000068160000 - 0x0000000068188000 	C:\Program Files\Java\jdk1.7.0_79\jre\bin\java.dll
0x0000000068140000 - 0x0000000068155000 	C:\Program Files\Java\jdk1.7.0_79\jre\bin\zip.dll

VM Arguments:
jvm_args: -Djava.awt.headless=true -Xmx1024M -Dfile.encoding=windows-1252 -Duser.country=US -Duser.language=en -Duser.variant 
java_command: com.android.dx.command.Main --dex --num-threads=4 --output C:\Users\Borne\AndroidStudioProjects\TPT\tpt\tpt\app\build\intermediates\pre-dexed\debug\com.android.support-animated-vector-drawable-23.4.0_ad2866efd84ab1ec2d555c55293658ab97e41fb3.jar C:\Users\Borne\AndroidStudioProjects\TPT\tpt\tpt\app\build\intermediates\exploded-aar\com.android.support\animated-vector-drawable\23.4.0\jars\classes.jar
Launcher Type: SUN_STANDARD

Environment Variables:
PATH=C:\WINDOWS\system32;C:\WINDOWS;C:\WINDOWS\System32\Wbem;C:\WINDOWS\System32\WindowsPowerShell\v1.0\;C:\Program Files\Java\jdk1.7.0_79\bin;C:\Program Files\Git\cmd;C:\Program Files (x86)\Skype\Phone\
USERNAME=Borne
OS=Windows_NT
PROCESSOR_IDENTIFIER=Intel64 Family 6 Model 60 Stepping 3, GenuineIntel



---------------  S Y S T E M  ---------------

OS: Windows 8.1 , 64 bit Build 9600 

CPU:total 4 (4 cores per cpu, 1 threads per core) family 6 model 60 stepping 3, cmov, cx8, fxsr, mmx, sse, sse2, sse3, ssse3, sse4.1, sse4.2, popcnt, avx, avx2, aes, erms, tsc, tscinvbit

Memory: 4k page, physical 8246644k(895592k free), swap 22826736k(5140k free)

vm_info: Java HotSpot(TM) 64-Bit Server VM (24.79-b02) for windows-amd64 JRE (1.7.0_79-b15), built on Apr 10 2015 12:36:16 by "java_re" with unknown MS VC++:1600

time: Wed Oct 12 17:09:04 2016
elapsed time: 0 seconds

